<?xml version="1.0" encoding="UTF-8"?>
<!-- Generated by org.testng.reporters.JUnitXMLReporter -->
<testsuite hostname="DESKTOP-KCLRGFN" ignored="0" name="Test" tests="3" failures="0" timestamp="30 Jan 2019 06:06:51 GMT" time="12.426" errors="0">
  <testcase name="TC01_Login" time="5.869" classname="m01_2019.Sprint1.Tests"/>
  <testcase name="TC01_Login" time="5.934" classname="m01_2019.Sprint1.Tests"/>
  <testcase name="TC02_Login2" time="9.597" classname="m01_2019.Sprint1.Tests"/>
</testsuite> <!-- Test -->
