<?xml version="1.0" encoding="UTF-8"?>
<!-- Generated by org.testng.reporters.JUnitXMLReporter -->
<testsuite hostname="DESKTOP-KCLRGFN" ignored="0" name="Test" tests="3" failures="0" timestamp="29 Jan 2019 02:01:00 GMT" time="12.444" errors="0">
  <testcase name="TC01_Login" time="7.727" classname="m01_2019.Sprint1.Tests"/>
  <testcase name="TC01_Login" time="7.727" classname="m01_2019.Sprint1.Tests"/>
  <testcase name="TC02_Login2" time="9.799" classname="m01_2019.Sprint1.Tests"/>
</testsuite> <!-- Test -->
