<?xml version="1.0" encoding="UTF-8"?>
<!-- Generated by org.testng.reporters.JUnitXMLReporter -->
<testsuite hostname="DESKTOP-KCLRGFN" ignored="0" name="Test" tests="3" failures="0" timestamp="31 Jan 2019 03:58:04 GMT" time="13.824" errors="0">
  <testcase name="TC01_Login" time="5.971" classname="m01_2019.Sprint1.Tests"/>
  <testcase name="TC01_Login" time="5.814" classname="m01_2019.Sprint1.Tests"/>
  <testcase name="TC02_Login2" time="8.855" classname="m01_2019.Sprint1.Tests"/>
</testsuite> <!-- Test -->
