<?xml version="1.0" encoding="UTF-8"?>
<testng-results skipped="0" failed="0" ignored="0" total="3" passed="3">
  <reporter-output>
  </reporter-output>
  <suite name="Suite" duration-ms="13824" started-at="2019-01-31T03:57:50Z" finished-at="2019-01-31T03:58:04Z">
    <groups>
    </groups>
    <test name="Test" duration-ms="13824" started-at="2019-01-31T03:57:50Z" finished-at="2019-01-31T03:58:04Z">
      <class name="m01_2019.Sprint1.Tests">
        <test-method status="PASS" signature="TC02_Login2()[pri:0, instance:m01_2019.Sprint1.Tests@2a556333]" name="TC02_Login2" duration-ms="8855" started-at="2019-01-30T22:57:51Z" finished-at="2019-01-30T22:57:59Z">
          <reporter-output>
          </reporter-output>
        </test-method> <!-- TC02_Login2 -->
        <test-method status="PASS" signature="TC01_Login(java.lang.String, java.lang.String)[pri:0, instance:m01_2019.Sprint1.Tests@2a556333]" name="TC01_Login" duration-ms="5814" started-at="2019-01-30T22:57:51Z" data-provider="Dataset" finished-at="2019-01-30T22:57:57Z">
          <params>
            <param index="0">
              <value>
                <![CDATA[testng.user1@gmail.com]]>
              </value>
            </param>
            <param index="1">
              <value>
                <![CDATA[vijimol@27]]>
              </value>
            </param>
          </params>
          <reporter-output>
          </reporter-output>
        </test-method> <!-- TC01_Login -->
        <test-method status="PASS" signature="TC01_Login(java.lang.String, java.lang.String)[pri:0, instance:m01_2019.Sprint1.Tests@2a556333]" name="TC01_Login" duration-ms="5971" started-at="2019-01-30T22:57:51Z" data-provider="Dataset" finished-at="2019-01-30T22:57:57Z">
          <params>
            <param index="0">
              <value>
                <![CDATA[testng.user2@gmail.com]]>
              </value>
            </param>
            <param index="1">
              <value>
                <![CDATA[vijimol@27]]>
              </value>
            </param>
          </params>
          <reporter-output>
          </reporter-output>
        </test-method> <!-- TC01_Login -->
        <test-method status="PASS" signature="teardown()[pri:0, instance:m01_2019.Sprint1.Tests@2a556333]" name="teardown" is-config="true" duration-ms="1" started-at="2019-01-30T22:58:04Z" finished-at="2019-01-30T22:58:04Z">
          <reporter-output>
          </reporter-output>
        </test-method> <!-- teardown -->
      </class> <!-- m01_2019.Sprint1.Tests -->
    </test> <!-- Test -->
  </suite> <!-- Suite -->
</testng-results>
