<?xml version="1.0" encoding="UTF-8"?>
<testng-results skipped="0" failed="0" ignored="0" total="3" passed="3">
  <reporter-output>
  </reporter-output>
  <suite name="Suite" duration-ms="10816" started-at="2019-01-30T07:41:25Z" finished-at="2019-01-30T07:41:36Z">
    <groups>
    </groups>
    <test name="Test" duration-ms="10816" started-at="2019-01-30T07:41:25Z" finished-at="2019-01-30T07:41:36Z">
      <class name="m01_2019.Sprint1.Tests">
        <test-method status="PASS" signature="TC02_Login2()[pri:0, instance:m01_2019.Sprint1.Tests@3abbfa04]" name="TC02_Login2" duration-ms="7770" started-at="2019-01-30T02:41:25Z" finished-at="2019-01-30T02:41:33Z">
          <reporter-output>
          </reporter-output>
        </test-method> <!-- TC02_Login2 -->
        <test-method status="PASS" signature="TC01_Login(java.lang.String, java.lang.String)[pri:0, instance:m01_2019.Sprint1.Tests@3abbfa04]" name="TC01_Login" duration-ms="5420" started-at="2019-01-30T02:41:26Z" data-provider="Dataset" finished-at="2019-01-30T02:41:31Z">
          <params>
            <param index="0">
              <value>
                <![CDATA[testng.user1@gmail.com]]>
              </value>
            </param>
            <param index="1">
              <value>
                <![CDATA[vijimol@27]]>
              </value>
            </param>
          </params>
          <reporter-output>
          </reporter-output>
        </test-method> <!-- TC01_Login -->
        <test-method status="PASS" signature="TC01_Login(java.lang.String, java.lang.String)[pri:0, instance:m01_2019.Sprint1.Tests@3abbfa04]" name="TC01_Login" duration-ms="5436" started-at="2019-01-30T02:41:26Z" data-provider="Dataset" finished-at="2019-01-30T02:41:31Z">
          <params>
            <param index="0">
              <value>
                <![CDATA[testng.user2@gmail.com]]>
              </value>
            </param>
            <param index="1">
              <value>
                <![CDATA[vijimol@27]]>
              </value>
            </param>
          </params>
          <reporter-output>
          </reporter-output>
        </test-method> <!-- TC01_Login -->
        <test-method status="PASS" signature="teardown()[pri:0, instance:m01_2019.Sprint1.Tests@3abbfa04]" name="teardown" is-config="true" duration-ms="1" started-at="2019-01-30T02:41:36Z" finished-at="2019-01-30T02:41:36Z">
          <reporter-output>
          </reporter-output>
        </test-method> <!-- teardown -->
      </class> <!-- m01_2019.Sprint1.Tests -->
    </test> <!-- Test -->
  </suite> <!-- Suite -->
</testng-results>
